TN:
SF:mixins/db.mixin.js
FN:8,(anonymous_0)
FNF:1
FNH:1
FNDA:1,(anonymous_0)
DA:3,1
DA:4,1
DA:6,1
DA:8,1
DA:10,1
DA:12,1
LF:6
LH:6
BRF:0
BRH:0
end_of_record
TN:
SF:services/mailer.service.js
FN:33,(anonymous_0)
FN:46,(anonymous_1)
FN:47,(anonymous_2)
FN:60,(anonymous_3)
FN:85,(anonymous_4)
FNF:5
FNH:5
FNDA:1,(anonymous_0)
FNDA:1,(anonymous_1)
FNDA:1,(anonymous_2)
FNDA:1,(anonymous_3)
FNDA:1,(anonymous_4)
DA:2,1
DA:3,1
DA:4,1
DA:6,1
DA:34,1
DA:40,1
DA:47,1
DA:48,1
DA:52,1
DA:53,1
DA:61,1
DA:62,0
DA:63,0
DA:69,1
DA:70,1
DA:75,0
DA:86,1
LF:17
LH:14
BRDA:52,0,0,1
BRDA:52,0,1,0
BRDA:61,1,0,0
BRDA:61,1,1,1
BRF:4
BRH:2
end_of_record
TN:
SF:services/users.service.js
FN:36,(anonymous_0)
FN:91,(anonymous_1)
FN:129,(anonymous_2)
FN:130,(anonymous_3)
FN:134,(anonymous_4)
FN:167,(anonymous_5)
FN:226,(anonymous_6)
FN:245,(anonymous_7)
FN:259,(anonymous_8)
FNF:9
FNH:9
FNDA:1,(anonymous_0)
FNDA:6,(anonymous_1)
FNDA:1,(anonymous_2)
FNDA:1,(anonymous_3)
FNDA:1,(anonymous_4)
FNDA:1,(anonymous_5)
FNDA:1,(anonymous_6)
FNDA:8,(anonymous_7)
FNDA:8,(anonymous_8)
DA:3,1
DA:4,1
DA:5,1
DA:6,1
DA:8,1
DA:37,1
DA:38,1
DA:40,1
DA:41,1
DA:45,1
DA:46,0
DA:54,1
DA:55,1
DA:57,1
DA:58,0
DA:63,1
DA:64,1
DA:66,1
DA:67,1
DA:73,1
DA:92,6
DA:95,6
DA:96,6
DA:97,0
DA:106,6
DA:107,6
DA:108,0
DA:112,6
DA:118,6
DA:130,1
DA:131,1
DA:135,1
DA:137,1
DA:142,1
DA:168,1
DA:170,1
DA:171,1
DA:175,1
DA:176,0
DA:181,1
DA:182,0
DA:184,0
DA:185,0
DA:190,1
DA:192,1
DA:196,1
DA:202,1
DA:227,1
DA:231,1
DA:233,1
DA:246,8
DA:260,8
DA:261,8
DA:264,8
LF:54
LH:46
BRDA:16,0,0,1
BRDA:16,0,1,1
BRDA:40,1,0,1
BRDA:40,1,1,0
BRDA:45,2,0,0
BRDA:45,2,1,1
BRDA:54,3,0,1
BRDA:54,3,1,0
BRDA:57,4,0,0
BRDA:57,4,1,1
BRDA:96,5,0,0
BRDA:96,5,1,6
BRDA:107,6,0,0
BRDA:107,6,1,6
BRDA:135,7,0,0
BRDA:135,7,1,1
BRDA:142,8,0,1
BRDA:142,8,1,0
BRDA:170,9,0,1
BRDA:170,9,1,0
BRDA:175,10,0,0
BRDA:175,10,1,1
BRDA:175,11,0,1
BRDA:175,11,1,0
BRDA:181,12,0,0
BRDA:181,12,1,1
BRDA:184,13,0,0
BRDA:184,13,1,0
BRDA:184,14,0,0
BRDA:184,14,1,0
BRDA:231,15,0,0
BRDA:231,15,1,1
BRDA:260,16,0,8
BRDA:260,16,1,0
BRDA:261,17,0,8
BRDA:261,17,1,0
BRDA:261,18,0,8
BRDA:261,18,1,8
BRF:38
BRH:19
end_of_record
